e:\vsstudio\coffeemanagement\quyetvjppro'scafeofficial\debug\vc143.pdb
e:\vsstudio\coffeemanagement\quyetvjppro'scafeofficial\debug\vc143.idb
e:\vsstudio\coffeemanagement\quyetvjppro'scafeofficial\debug\quyetvjppro'scafeofficial.obj
e:\vsstudio\coffeemanagement\quyetvjppro'scafeofficial\debug\person.obj
e:\vsstudio\coffeemanagement\quyetvjppro'scafeofficial\debug\log_time.obj
e:\vsstudio\coffeemanagement\quyetvjppro'scafeofficial\debug\items.obj
e:\vsstudio\coffeemanagement\quyetvjppro'scafeofficial\debug\functioninterface.obj
e:\vsstudio\coffeemanagement\quyetvjppro'scafeofficial\debug\employee.obj
e:\vsstudio\coffeemanagement\quyetvjppro'scafeofficial\debug\date.obj
e:\vsstudio\coffeemanagement\quyetvjppro'scafeofficial\debug\dataitems.obj
e:\vsstudio\coffeemanagement\quyetvjppro'scafeofficial\debug\dataemployee.obj
e:\vsstudio\coffeemanagement\quyetvjppro'scafeofficial\debug\dataaccount.obj
e:\vsstudio\coffeemanagement\quyetvjppro'scafeofficial\debug\appcoffee.obj
e:\vsstudio\coffeemanagement\quyetvjppro'scafeofficial\debug\account.obj
e:\vsstudio\coffeemanagement\debug\quyetvjppro'scafeofficial.exe
e:\vsstudio\coffeemanagement\quyetvjppro'scafeofficial\debug\quyetvjppro'scafeofficial.ilk
e:\vsstudio\coffeemanagement\debug\quyetvjppro'scafeofficial.pdb
e:\vsstudio\coffeemanagement\quyetvjppro'scafeofficial\debug\quyetvjp.ef1a7a53.tlog\cl.command.1.tlog
e:\vsstudio\coffeemanagement\quyetvjppro'scafeofficial\debug\quyetvjp.ef1a7a53.tlog\cl.read.1.tlog
e:\vsstudio\coffeemanagement\quyetvjppro'scafeofficial\debug\quyetvjp.ef1a7a53.tlog\cl.write.1.tlog
e:\vsstudio\coffeemanagement\quyetvjppro'scafeofficial\debug\quyetvjp.ef1a7a53.tlog\link.command.1.tlog
e:\vsstudio\coffeemanagement\quyetvjppro'scafeofficial\debug\quyetvjp.ef1a7a53.tlog\link.read.1.tlog
e:\vsstudio\coffeemanagement\quyetvjppro'scafeofficial\debug\quyetvjp.ef1a7a53.tlog\link.write.1.tlog
